0 info it worked if it ends with ok
1 verbose cli [ '/usr/local/bin/node', '/usr/local/bin/npm', 'run', 'dev' ]
2 info using npm@3.10.3
3 info using node@v6.6.0
4 verbose run-script [ 'predev', 'dev', 'postdev' ]
5 info lifecycle dreamdogadmin@1.0.0~predev: dreamdogadmin@1.0.0
6 silly lifecycle dreamdogadmin@1.0.0~predev: no script for predev, continuing
7 info lifecycle dreamdogadmin@1.0.0~dev: dreamdogadmin@1.0.0
8 verbose lifecycle dreamdogadmin@1.0.0~dev: unsafe-perm in lifecycle true
9 verbose lifecycle dreamdogadmin@1.0.0~dev: PATH: /usr/local/lib/node_modules/npm/bin/node-gyp-bin:/Users/Mickey/Desktop/ScopePhoto/dream-dog-admin/node_modules/.bin:/usr/local/bin:/usr/local/bin:/usr/bin:/bin:/usr/sbin:/sbin:/usr/local/git/bin
10 verbose lifecycle dreamdogadmin@1.0.0~dev: CWD: /Users/Mickey/Desktop/ScopePhoto/dream-dog-admin
11 silly lifecycle dreamdogadmin@1.0.0~dev: Args: [ '-c', 'node build/dev-server.js' ]
12 silly lifecycle dreamdogadmin@1.0.0~dev: Returned: code: 1  signal: null
13 info lifecycle dreamdogadmin@1.0.0~dev: Failed to exec dev script
14 verbose stack Error: dreamdogadmin@1.0.0 dev: `node build/dev-server.js`
14 verbose stack Exit status 1
14 verbose stack     at EventEmitter.<anonymous> (/usr/local/lib/node_modules/npm/lib/utils/lifecycle.js:242:16)
14 verbose stack     at emitTwo (events.js:106:13)
14 verbose stack     at EventEmitter.emit (events.js:191:7)
14 verbose stack     at ChildProcess.<anonymous> (/usr/local/lib/node_modules/npm/lib/utils/spawn.js:40:14)
14 verbose stack     at emitTwo (events.js:106:13)
14 verbose stack     at ChildProcess.emit (events.js:191:7)
14 verbose stack     at maybeClose (internal/child_process.js:877:16)
14 verbose stack     at Process.ChildProcess._handle.onexit (internal/child_process.js:226:5)
15 verbose pkgid dreamdogadmin@1.0.0
16 verbose cwd /Users/Mickey/Desktop/ScopePhoto/dream-dog-admin
17 error Darwin 16.0.0
18 error argv "/usr/local/bin/node" "/usr/local/bin/npm" "run" "dev"
19 error node v6.6.0
20 error npm  v3.10.3
21 error code ELIFECYCLE
22 error dreamdogadmin@1.0.0 dev: `node build/dev-server.js`
22 error Exit status 1
23 error Failed at the dreamdogadmin@1.0.0 dev script 'node build/dev-server.js'.
23 error Make sure you have the latest version of node.js and npm installed.
23 error If you do, this is most likely a problem with the dreamdogadmin package,
23 error not with npm itself.
23 error Tell the author that this fails on your system:
23 error     node build/dev-server.js
23 error You can get information on how to open an issue for this project with:
23 error     npm bugs dreamdogadmin
23 error Or if that isn't available, you can get their info via:
23 error     npm owner ls dreamdogadmin
23 error There is likely additional logging output above.
24 verbose exit [ 1, true ]
